<?xml version="1.0" encoding="UTF-8"?>
<testsuite xmlns:xsi="http://www.w3.org/2001/XMLSchema-instance" xsi:noNamespaceSchemaLocation="https://maven.apache.org/surefire/maven-surefire-plugin/xsd/surefire-test-report.xsd" name="com.jitterted.ebp.blackjack.DeckTest" time="0.001" tests="4" errors="0" skipped="0" failures="0">
  <properties>
[...]
</properties>
  <testcase name="drawCardFromDeckReducesDeckSizeByOne" classname="com.jitterted.ebp.blackjack.DeckTest" time="0"/>
  <testcase name="drawCardFromDeckReturnsValidCard" classname="com.jitterted.ebp.blackjack.DeckTest" time="0"/>
  <testcase name="drawAllCardsResultsInSetOf52UniqueCards" classname="com.jitterted.ebp.blackjack.DeckTest" time="0"/>
  <testcase name="fullDeckHas52Cards" classname="com.jitterted.ebp.blackjack.DeckTest" time="0.001"/>
</testsuite>